<?xml version="1.0" encoding="UTF-8" ?>
<testsuite tests="6" failures="0" name="com.gridnine.testing.FilterByBeforeCurrentTimeTest" time="0.163" errors="0" skipped="0">
  <properties>
    <property name="java.runtime.name" value="OpenJDK Runtime Environment"/>
    <property name="java.vm.version" value="17.0.6+10-Debian-1deb11u1"/>
    <property name="sun.boot.library.path" value="/usr/lib/jvm/java-17-openjdk-amd64/lib"/>
    <property name="maven.multiModuleProjectDirectory" value="/home/sergey/NetBeansProjects/Main"/>
    <property name="java.vm.vendor" value="Debian"/>
    <property name="java.vendor.url" value="https://tracker.debian.org/openjdk-17"/>
    <property name="guice.disable.misplaced.annotation.check" value="true"/>
    <property name="path.separator" value=":"/>
    <property name="java.vm.name" value="OpenJDK 64-Bit Server VM"/>
    <property name="user.country" value="RU"/>
    <property name="sun.java.launcher" value="SUN_STANDARD"/>
    <property name="test" value="com.gridnine.testing.FilterByBeforeCurrentTimeTest"/>
    <property name="java.vm.specification.name" value="Java Virtual Machine Specification"/>
    <property name="user.dir" value="/home/sergey/NetBeansProjects/Main"/>
    <property name="java.vm.compressedOopsMode" value="32-bit"/>
    <property name="java.runtime.version" value="17.0.6+10-Debian-1deb11u1"/>
    <property name="os.arch" value="amd64"/>
    <property name="java.io.tmpdir" value="/tmp"/>
    <property name="line.separator" value="
"/>
    <property name="java.vm.specification.vendor" value="Oracle Corporation"/>
    <property name="os.name" value="Linux"/>
    <property name="maven.ext.class.path" value="/usr/lib/apache-netbeans/java/maven-nblib/netbeans-eventspy.jar"/>
    <property name="classworlds.conf" value="/usr/lib/apache-netbeans/java/maven/bin/m2.conf"/>
    <property name="sun.jnu.encoding" value="UTF-8"/>
    <property name="java.library.path" value="/usr/java/packages/lib:/usr/lib/x86_64-linux-gnu/jni:/lib/x86_64-linux-gnu:/usr/lib/x86_64-linux-gnu:/usr/lib/jni:/lib:/usr/lib"/>
    <property name="maven.conf" value="/usr/lib/apache-netbeans/java/maven/conf"/>
    <property name="jdk.debug" value="release"/>
    <property name="java.class.version" value="61.0"/>
    <property name="java.specification.name" value="Java Platform API Specification"/>
    <property name="sun.management.compiler" value="HotSpot 64-Bit Tiered Compilers"/>
    <property name="os.version" value="5.10.0-21-amd64"/>
    <property name="library.jansi.path" value="/usr/lib/apache-netbeans/java/maven/lib/jansi-native"/>
    <property name="user.home" value="/home/sergey"/>
    <property name="user.timezone" value="Europe/Moscow"/>
    <property name="file.encoding" value="UTF-8"/>
    <property name="java.specification.version" value="17"/>
    <property name="user.name" value="sergey"/>
    <property name="java.class.path" value="/usr/lib/apache-netbeans/java/maven/boot/plexus-classworlds-2.6.0.jar"/>
    <property name="org.slf4j.simpleLogger.defaultLogLevel" value="error"/>
    <property name="java.vm.specification.version" value="17"/>
    <property name="sun.arch.data.model" value="64"/>
    <property name="sun.java.command" value="org.codehaus.plexus.classworlds.launcher.Launcher -Dtest=com.gridnine.testing.FilterByBeforeCurrentTimeTest -Dmaven.ext.class.path=/usr/lib/apache-netbeans/java/maven-nblib/netbeans-eventspy.jar -q surefire:test"/>
    <property name="java.home" value="/usr/lib/jvm/java-17-openjdk-amd64"/>
    <property name="user.language" value="ru"/>
    <property name="java.specification.vendor" value="Oracle Corporation"/>
    <property name="java.vm.info" value="mixed mode, sharing"/>
    <property name="java.version" value="17.0.6"/>
    <property name="native.encoding" value="UTF-8"/>
    <property name="java.vendor" value="Debian"/>
    <property name="maven.home" value="/usr/lib/apache-netbeans/java/maven"/>
    <property name="file.separator" value="/"/>
    <property name="java.version.date" value="2023-01-17"/>
    <property name="java.vendor.url.bug" value="https://bugs.debian.org/openjdk-17"/>
    <property name="sun.io.unicode.encoding" value="UnicodeLittle"/>
    <property name="sun.cpu.endian" value="little"/>
  </properties>
  <testcase classname="com.gridnine.testing.FilterByBeforeCurrentTimeTest" name="testFilterByBeforeCurrentTime_0Elements" time="0.003"/>
  <testcase classname="com.gridnine.testing.FilterByBeforeCurrentTimeTest" name="testFilterByBeforeCurrentTime_removeFlightTriggersIf" time="0.015"/>
  <testcase classname="com.gridnine.testing.FilterByBeforeCurrentTimeTest" name="filterByBeforeCurrentTime_null" time="0"/>
  <testcase classname="com.gridnine.testing.FilterByBeforeCurrentTimeTest" name="testFilterByBeforeCurrentTime_defaultReturn" time="0"/>
  <testcase classname="com.gridnine.testing.FilterByBeforeCurrentTimeTest" name="testFilterByBeforeCurrentTime_If" time="0.001"/>
  <testcase classname="com.gridnine.testing.FilterByBeforeCurrentTimeTest" name="testFilterByBeforeCurrentTime_IfOnLastEl" time="0.144"/>
</testsuite>